Using pre-set license
Built from '2020.3/staging' branch; Version is '2020.3.18f1 (a7d1c678663c) revision 10998214'; Using compiler version '192528614'; Build Type 'Release'
OS: 'Windows 10 Pro; OS build 19045.3324; Version 2009; 64bit' Language: 'en' Physical Memory: 32702 MB
BatchMode: 1, IsHumanControllingUs: 0, StartBugReporterOnCrash: 0, Is64bit: 1, IsPro: 0

COMMAND LINE ARGUMENTS:
C:\Program Files\Unity\Hub\Editor\2020.3.18f1\Editor\Unity.exe
-adb2
-batchMode
-noUpm
-name
AssetImportWorker0
-projectPath
C:/Users/devin/FishcordProject/FishcordProject
-logFile
Logs/AssetImportWorker0.log
-srvPort
51578
Successfully changed project path to: C:/Users/devin/FishcordProject/FishcordProject
C:/Users/devin/FishcordProject/FishcordProject
Using Asset Import Pipeline V2.
Refreshing native plugins compatible for Editor in 30.88 ms, found 2 plugins.
Preloading 0 native plugins for Editor in 0.00 ms.
Initialize engine version: 2020.3.18f1 (a7d1c678663c)
[Subsystems] Discovering subsystems at path C:/Program Files/Unity/Hub/Editor/2020.3.18f1/Editor/Data/Resources/UnitySubsystems
[Subsystems] Discovering subsystems at path C:/Users/devin/FishcordProject/FishcordProject/Assets
GfxDevice: creating device client; threaded=0
Direct3D:
    Version:  Direct3D 11.0 [level 11.1]
    Renderer: NVIDIA GeForce RTX 3060 Ti (ID=0x2486)
    Vendor:   
    VRAM:     8038 MB
    Driver:   31.0.15.3667
Initialize mono
Mono path[0] = 'C:/Program Files/Unity/Hub/Editor/2020.3.18f1/Editor/Data/Managed'
Mono path[1] = 'C:/Program Files/Unity/Hub/Editor/2020.3.18f1/Editor/Data/MonoBleedingEdge/lib/mono/unityjit'
Mono config path = 'C:/Program Files/Unity/Hub/Editor/2020.3.18f1/Editor/Data/MonoBleedingEdge/etc'
Using monoOptions --debugger-agent=transport=dt_socket,embedding=1,server=y,suspend=n,address=127.0.0.1:56576
Begin MonoManager ReloadAssembly
Registering precompiled unity dll's ...
Register platform support module: C:/Program Files/Unity/Hub/Editor/2020.3.18f1/Editor/Data/PlaybackEngines/WindowsStandaloneSupport/UnityEditor.WindowsStandalone.Extensions.dll
Registered in 0.001600 seconds.
Native extension for WindowsStandalone target not found
Refreshing native plugins compatible for Editor in 30.68 ms, found 2 plugins.
Preloading 0 native plugins for Editor in 0.00 ms.
Mono: successfully reloaded assembly
- Completed reload, in  0.884 seconds
Domain Reload Profiling:
	ReloadAssembly (884ms)
		BeginReloadAssembly (44ms)
			ExecutionOrderSort (0ms)
			DisableScriptedObjects (0ms)
			BackupInstance (0ms)
			ReleaseScriptingObjects (0ms)
			CreateAndSetChildDomain (1ms)
		EndReloadAssembly (351ms)
			LoadAssemblies (42ms)
			RebuildTransferFunctionScriptingTraits (0ms)
			SetupTypeCache (126ms)
			ReleaseScriptCaches (0ms)
			RebuildScriptCaches (27ms)
			SetupLoadedEditorAssemblies (140ms)
				LogAssemblyErrors (0ms)
				InitializePlatformSupportModulesInManaged (3ms)
				SetLoadedEditorAssemblies (0ms)
				RefreshPlugins (31ms)
				BeforeProcessingInitializeOnLoad (11ms)
				ProcessInitializeOnLoadAttributes (71ms)
				ProcessInitializeOnLoadMethodAttributes (24ms)
				AfterProcessingInitializeOnLoad (0ms)
				EditorAssembliesLoaded (0ms)
			ExecutionOrderSort2 (0ms)
			AwakeInstancesAfterBackupRestoration (0ms)
Platform modules already initialized, skipping
Registering precompiled user dll's ...
Registered in 0.002371 seconds.
Begin MonoManager ReloadAssembly
Native extension for WindowsStandalone target not found
Refreshing native plugins compatible for Editor in 0.34 ms, found 2 plugins.
Preloading 0 native plugins for Editor in 0.00 ms.
Mono: successfully reloaded assembly
- Completed reload, in  0.834 seconds
Domain Reload Profiling:
	ReloadAssembly (835ms)
		BeginReloadAssembly (118ms)
			ExecutionOrderSort (0ms)
			DisableScriptedObjects (5ms)
			BackupInstance (0ms)
			ReleaseScriptingObjects (0ms)
			CreateAndSetChildDomain (15ms)
		EndReloadAssembly (664ms)
			LoadAssemblies (71ms)
			RebuildTransferFunctionScriptingTraits (0ms)
			SetupTypeCache (219ms)
			ReleaseScriptCaches (0ms)
			RebuildScriptCaches (36ms)
			SetupLoadedEditorAssemblies (259ms)
				LogAssemblyErrors (0ms)
				InitializePlatformSupportModulesInManaged (4ms)
				SetLoadedEditorAssemblies (0ms)
				RefreshPlugins (0ms)
				BeforeProcessingInitializeOnLoad (70ms)
				ProcessInitializeOnLoadAttributes (175ms)
				ProcessInitializeOnLoadMethodAttributes (4ms)
				AfterProcessingInitializeOnLoad (5ms)
				EditorAssembliesLoaded (0ms)
			ExecutionOrderSort2 (0ms)
			AwakeInstancesAfterBackupRestoration (6ms)
Platform modules already initialized, skipping
========================================================================
Worker process is ready to serve import requests
Launched and connected shader compiler UnityShaderCompiler.exe after 0.03 seconds
Refreshing native plugins compatible for Editor in 0.36 ms, found 2 plugins.
Preloading 0 native plugins for Editor in 0.00 ms.
Unloading 1529 Unused Serialized files (Serialized files now loaded: 0)
System memory in use before: 151.7 MB.
System memory in use after: 151.8 MB.

Unloading 15 unused Assets to reduce memory usage. Loaded Objects now: 1975.
Total: 2.335300 ms (FindLiveObjects: 0.145000 ms CreateObjectMapping: 0.043200 ms MarkObjects: 2.083100 ms  DeleteObjects: 0.062900 ms)

AssetImportParameters requested are different than current active one (requested -> active):
  custom:framework-win-MediaFoundation: 216162199b28c13a410421893ffa2e32 -> 
  custom:video-decoder-ogg-theora: a1e56fd34408186e4bbccfd4996cb3dc -> 
  custom:container-muxer-webm: aa71ff27fc2769a1b78a27578f13a17b -> 
  custom:container-demuxer-webm: 4f35f7cbe854078d1ac9338744f61a02 -> 
  custom:container-demuxer-ogg: 62fdf1f143b41e24485cea50d1cbac27 -> 
  custom:video-encoder-webm-vp8: eb34c28f22e8b96e1ab97ce403110664 -> 
  custom:video-decoder-webm-vp8: 9c59270c3fd7afecdb556c50c9e8de78 -> 
  custom:audio-decoder-ogg-vorbis: bf7c407c2cedff20999df2af8eb42d56 -> 
  custom:audio-encoder-webm-vorbis: bf7c407c2cedff20999df2af8eb42d56 -> 
========================================================================
Received Import Request.
  path: Assets/UnityTechnologies/ParticlePack/Readme.asset
  artifactKey: Guid(83c2ed844a8c74b779a4c823d16594b1) Importer(815301076,1909f56bfc062723c751e8b465ee728b)
Start importing Assets/UnityTechnologies/ParticlePack/Readme.asset using Guid(83c2ed844a8c74b779a4c823d16594b1) Importer(815301076,1909f56bfc062723c751e8b465ee728b)  -> (artifact id: 'f501f33c8fd8dc7ba6cbdb99977b13d9') in 0.026932 seconds 
  Import took 0.029063 seconds .

========================================================================
Received Prepare
Registering precompiled user dll's ...
Registered in 0.002214 seconds.
Begin MonoManager ReloadAssembly
Native extension for WindowsStandalone target not found
Refreshing native plugins compatible for Editor in 0.33 ms, found 2 plugins.
Preloading 0 native plugins for Editor in 0.00 ms.
Mono: successfully reloaded assembly
- Completed reload, in  0.773 seconds
Domain Reload Profiling:
	ReloadAssembly (773ms)
		BeginReloadAssembly (95ms)
			ExecutionOrderSort (0ms)
			DisableScriptedObjects (4ms)
			BackupInstance (0ms)
			ReleaseScriptingObjects (0ms)
			CreateAndSetChildDomain (25ms)
		EndReloadAssembly (624ms)
			LoadAssemblies (67ms)
			RebuildTransferFunctionScriptingTraits (0ms)
			SetupTypeCache (221ms)
			ReleaseScriptCaches (1ms)
			RebuildScriptCaches (30ms)
			SetupLoadedEditorAssemblies (225ms)
				LogAssemblyErrors (0ms)
				InitializePlatformSupportModulesInManaged (4ms)
				SetLoadedEditorAssemblies (0ms)
				RefreshPlugins (0ms)
				BeforeProcessingInitializeOnLoad (63ms)
				ProcessInitializeOnLoadAttributes (148ms)
				ProcessInitializeOnLoadMethodAttributes (4ms)
				AfterProcessingInitializeOnLoad (6ms)
				EditorAssembliesLoaded (0ms)
			ExecutionOrderSort2 (0ms)
			AwakeInstancesAfterBackupRestoration (6ms)
Platform modules already initialized, skipping
Refreshing native plugins compatible for Editor in 0.32 ms, found 2 plugins.
Preloading 0 native plugins for Editor in 0.00 ms.
Unloading 1479 Unused Serialized files (Serialized files now loaded: 0)
System memory in use before: 147.2 MB.
System memory in use after: 147.3 MB.

Unloading 10 unused Assets to reduce memory usage. Loaded Objects now: 1978.
Total: 2.351200 ms (FindLiveObjects: 0.125200 ms CreateObjectMapping: 0.033600 ms MarkObjects: 2.176900 ms  DeleteObjects: 0.014800 ms)

AssetImportParameters requested are different than current active one (requested -> active):
  custom:framework-win-MediaFoundation: 216162199b28c13a410421893ffa2e32 -> 
  custom:video-decoder-ogg-theora: a1e56fd34408186e4bbccfd4996cb3dc -> 
  custom:container-muxer-webm: aa71ff27fc2769a1b78a27578f13a17b -> 
  custom:container-demuxer-webm: 4f35f7cbe854078d1ac9338744f61a02 -> 
  custom:container-demuxer-ogg: 62fdf1f143b41e24485cea50d1cbac27 -> 
  custom:video-encoder-webm-vp8: eb34c28f22e8b96e1ab97ce403110664 -> 
  custom:video-decoder-webm-vp8: 9c59270c3fd7afecdb556c50c9e8de78 -> 
  custom:audio-decoder-ogg-vorbis: bf7c407c2cedff20999df2af8eb42d56 -> 
  custom:audio-encoder-webm-vorbis: bf7c407c2cedff20999df2af8eb42d56 -> 
========================================================================
Received Import Request.
  Time since last request: 29.467182 seconds.
  path: Assets/MilkShake/Scripts/Bullet.asset
  artifactKey: Guid(b8e0b1d87df09c94db66f5a8ae9fc014) Importer(815301076,1909f56bfc062723c751e8b465ee728b)
Start importing Assets/MilkShake/Scripts/Bullet.asset using Guid(b8e0b1d87df09c94db66f5a8ae9fc014) Importer(815301076,1909f56bfc062723c751e8b465ee728b)  -> (artifact id: 'b547fa2befeeb5751a55f7dce2bc0ec1') in 0.019155 seconds 
  Import took 0.021495 seconds .

========================================================================
Received Import Request.
  Time since last request: 0.000187 seconds.
  path: Assets/MilkShake/Demo/Presets/Explosion.asset
  artifactKey: Guid(d7a93a3c6c2182b4ab29c6ca2f5c77d3) Importer(815301076,1909f56bfc062723c751e8b465ee728b)
Start importing Assets/MilkShake/Demo/Presets/Explosion.asset using Guid(d7a93a3c6c2182b4ab29c6ca2f5c77d3) Importer(815301076,1909f56bfc062723c751e8b465ee728b)  -> (artifact id: 'dd787e10a6a2091f7bcbe602a10c8a97') in 0.008178 seconds 
  Import took 0.010281 seconds .

========================================================================
Received Import Request.
  Time since last request: 0.000169 seconds.
  path: Assets/MilkShake/Demo/Presets/Earthquake.asset
  artifactKey: Guid(4681852fa25049f429edac80ac05d903) Importer(815301076,1909f56bfc062723c751e8b465ee728b)
Start importing Assets/MilkShake/Demo/Presets/Earthquake.asset using Guid(4681852fa25049f429edac80ac05d903) Importer(815301076,1909f56bfc062723c751e8b465ee728b)  -> (artifact id: 'e8fe51799df74d16500f5911b4adc6d4') in 0.007976 seconds 
  Import took 0.009971 seconds .

========================================================================
Received Import Request.
  Time since last request: 0.000232 seconds.
  path: Assets/MilkShake/Demo/Presets/Punch.asset
  artifactKey: Guid(527de9a5cc3d6de449cdbf6ce627be63) Importer(815301076,1909f56bfc062723c751e8b465ee728b)
Start importing Assets/MilkShake/Demo/Presets/Punch.asset using Guid(527de9a5cc3d6de449cdbf6ce627be63) Importer(815301076,1909f56bfc062723c751e8b465ee728b)  -> (artifact id: '009d9a4c9e776814621fdb5f4e80310f') in 0.007651 seconds 
  Import took 0.009634 seconds .

========================================================================
Received Import Request.
  Time since last request: 0.000234 seconds.
  path: Assets/MilkShake/Demo/Presets/Shock.asset
  artifactKey: Guid(bd4328bd5427ab74383676e7049ce3d3) Importer(815301076,1909f56bfc062723c751e8b465ee728b)
Start importing Assets/MilkShake/Demo/Presets/Shock.asset using Guid(bd4328bd5427ab74383676e7049ce3d3) Importer(815301076,1909f56bfc062723c751e8b465ee728b)  -> (artifact id: '7e5da272cd464a73090d7e2b39a7bada') in 0.008320 seconds 
  Import took 0.010507 seconds .

========================================================================
Received Import Request.
  Time since last request: 0.000231 seconds.
  path: Assets/MilkShake/Demo/Presets/Offroad.asset
  artifactKey: Guid(ed22e00702a128848946e75261efb966) Importer(815301076,1909f56bfc062723c751e8b465ee728b)
Start importing Assets/MilkShake/Demo/Presets/Offroad.asset using Guid(ed22e00702a128848946e75261efb966) Importer(815301076,1909f56bfc062723c751e8b465ee728b)  -> (artifact id: 'd25e9d788082299044423aa123a99342') in 0.008226 seconds 
  Import took 0.010277 seconds .

========================================================================
Received Import Request.
  Time since last request: 0.000179 seconds.
  path: Assets/MilkShake/Demo/Presets/Electrocute.asset
  artifactKey: Guid(d370f110be4f2c0459246da0ea38a762) Importer(815301076,1909f56bfc062723c751e8b465ee728b)
Start importing Assets/MilkShake/Demo/Presets/Electrocute.asset using Guid(d370f110be4f2c0459246da0ea38a762) Importer(815301076,1909f56bfc062723c751e8b465ee728b)  -> (artifact id: '88b3f5ed8e078cd5c653bdc8919999b9') in 0.007786 seconds 
  Import took 0.009783 seconds .

========================================================================
Received Import Request.
  Time since last request: 0.000158 seconds.
  path: Assets/MilkShake/Scripts/Bullet.asset
  artifactKey: Guid(b8e0b1d87df09c94db66f5a8ae9fc014) Importer(815301076,1909f56bfc062723c751e8b465ee728b)
Start importing Assets/MilkShake/Scripts/Bullet.asset using Guid(b8e0b1d87df09c94db66f5a8ae9fc014) Importer(815301076,1909f56bfc062723c751e8b465ee728b)  -> (artifact id: 'b547fa2befeeb5751a55f7dce2bc0ec1') in 0.002064 seconds 
  Import took 0.004071 seconds .

========================================================================
Received Import Request.
  Time since last request: 0.000181 seconds.
  path: Assets/MilkShake/Demo/Presets/Drunk.asset
  artifactKey: Guid(1ea2647b43095674bba86d2a9c1820b9) Importer(815301076,1909f56bfc062723c751e8b465ee728b)
Start importing Assets/MilkShake/Demo/Presets/Drunk.asset using Guid(1ea2647b43095674bba86d2a9c1820b9) Importer(815301076,1909f56bfc062723c751e8b465ee728b)  -> (artifact id: 'abb935e98141ce24ceb449ed8c46f6c1') in 0.008715 seconds 
  Import took 0.010838 seconds .

